c:\users\arnaud\google drive\fac\cours\l2\s3\info\projet\win\puissance4\puissance4\debug\vc120.pdb
c:\users\arnaud\google drive\fac\cours\l2\s3\info\projet\win\puissance4\puissance4\debug\vc120.idb
c:\users\arnaud\google drive\fac\cours\l2\s3\info\projet\win\puissance4\puissance4\debug\client.nativecodeanalysis.xml
c:\users\arnaud\google drive\fac\cours\l2\s3\info\projet\win\puissance4\puissance4\debug\main.nativecodeanalysis.xml
c:\users\arnaud\google drive\fac\cours\l2\s3\info\projet\win\puissance4\puissance4\debug\net.nativecodeanalysis.xml
c:\users\arnaud\google drive\fac\cours\l2\s3\info\projet\win\puissance4\puissance4\debug\puissance4.nativecodeanalysis.xml
c:\users\arnaud\google drive\fac\cours\l2\s3\info\projet\win\puissance4\puissance4\debug\tcpacceptor.nativecodeanalysis.xml
c:\users\arnaud\google drive\fac\cours\l2\s3\info\projet\win\puissance4\puissance4\debug\tcpconnector.nativecodeanalysis.xml
c:\users\arnaud\google drive\fac\cours\l2\s3\info\projet\win\puissance4\puissance4\debug\tcpstream.nativecodeanalysis.xml
c:\users\arnaud\google drive\fac\cours\l2\s3\info\projet\win\puissance4\puissance4\debug\tcpstream.obj
c:\users\arnaud\google drive\fac\cours\l2\s3\info\projet\win\puissance4\puissance4\debug\tcpconnector.obj
c:\users\arnaud\google drive\fac\cours\l2\s3\info\projet\win\puissance4\puissance4\debug\tcpacceptor.obj
c:\users\arnaud\google drive\fac\cours\l2\s3\info\projet\win\puissance4\puissance4\debug\puissance4.obj
c:\users\arnaud\google drive\fac\cours\l2\s3\info\projet\win\puissance4\puissance4\debug\net.obj
c:\users\arnaud\google drive\fac\cours\l2\s3\info\projet\win\puissance4\puissance4\debug\main.obj
c:\users\arnaud\google drive\fac\cours\l2\s3\info\projet\win\puissance4\puissance4\debug\client.obj
c:\users\arnaud\google drive\fac\cours\l2\s3\info\projet\win\puissance4\debug\puissance4.ilk
c:\users\arnaud\google drive\fac\cours\l2\s3\info\projet\win\puissance4\debug\puissance4.exe
c:\users\arnaud\google drive\fac\cours\l2\s3\info\projet\win\puissance4\debug\puissance4.pdb
c:\users\arnaud\google drive\fac\cours\l2\s3\info\projet\win\puissance4\puissance4\debug\nativecodeanalysis.read.1.tlog
c:\users\arnaud\google drive\fac\cours\l2\s3\info\projet\win\puissance4\puissance4\debug\vc.nativecodeanalysis.all.xml
c:\users\arnaud\google drive\fac\cours\l2\s3\info\projet\win\puissance4\debug\puissance4.exe.lastcodeanalysissucceeded
c:\users\arnaud\google drive\fac\cours\l2\s3\info\projet\win\puissance4\puissance4\debug\puissance4.tlog\cl.command.1.tlog
c:\users\arnaud\google drive\fac\cours\l2\s3\info\projet\win\puissance4\puissance4\debug\puissance4.tlog\cl.read.1.tlog
c:\users\arnaud\google drive\fac\cours\l2\s3\info\projet\win\puissance4\puissance4\debug\puissance4.tlog\cl.write.1.tlog
c:\users\arnaud\google drive\fac\cours\l2\s3\info\projet\win\puissance4\puissance4\debug\puissance4.tlog\link.command.1.tlog
c:\users\arnaud\google drive\fac\cours\l2\s3\info\projet\win\puissance4\puissance4\debug\puissance4.tlog\link.read.1.tlog
c:\users\arnaud\google drive\fac\cours\l2\s3\info\projet\win\puissance4\puissance4\debug\puissance4.tlog\link.write.1.tlog
